Added B at (2, 12)
Displac 0
Added B at (4, 3)
Rotate  1
Rotate  1
Added I at (0, 1)
Added B at (8, 10)
Rotate  2
Added L at (0, 12)
Rotate  3
Added O at (2, 9)
Displac 3
Added S at (4, 12)
Rotate  6
Displac 2
Added T at (5, 5)
Rotate  6
Added J at (6, 9)
Displac 5
Rotate  7
Displac 7
Rotate  4
Displac 5
Added C at (4, 5)
Added O at (2, 6)
Added B at (8, 7)
Rotate  11
Added T at (3, 3)
Rotate  3
Added O at (3, 8)
Added L at (8, 4)
Displac 0
Rotate  3
Displac 8
Rotate  3
Added S at (3, 0)
Added I at (8, 2)
Rotate  10
Displac 13
Rotate  10
Rotate  4
Displac 16
Rotate  11
Added B at (8, 2)
Displac 6
Rotate  16
Rotate  17
Displac 13
Added I at (5, 12)
Added T at (5, 1)
Added J at (0, 5)
Added C at (6, 8)
Displac 21
Added T at (1, 2)
Displac 15
Displac 10
Added O at (7, 13)
Displac 17
Added C at (4, 8)
Displac 10
Added J at (2, 8)
Added S at (6, 7)
Displac 22
Displac 17
Rotate  10
Rotate  25
Displac 23
Rotate  6
Added L at (0, 3)
Rotate  10
Displac 22
Displac 16
Displac 10
Rotate  19
Displac 27
Displac 10
Displac 7
Displac 20
Rotate  7
Rotate  27
Displac 13
Rotate  24
Added L at (1, 6)
Rotate  26
Displac 6
Rotate  9
Displac 1
Displac 17
Added S at (0, 6)
Rotate  24
Rotate  24
Displac 1
Displac 16
Rotate  9
Rotate  28
Rotate  12
Rotate  12
Displac 28
Rotate  28
Added O at (6, 13)
Displac 13
Displac 14
Displac 25
Added L at (2, 6)
Displac 18
Rotate  16
Displac 12
Rotate  8
Added J at (2, 4)
Rotate  30
Displac 11
Displac 26
Added I at (3, 7)
Added J at (3, 13)
Displac 15
Rotate  24
Added S at (5, 8)
Displac 9
Rotate  5
Rotate  19
Displac 12
Rotate  3
Displac 7
Added L at (6, 4)
